# JRE version: Java(TM) SE Runtime Environment (8.0_172-b11) (build 1.8.0_172-b11)
# Java VM: Java HotSpot(TM) 64-Bit Server VM (25.172-b11 mixed mode windows-amd64 compressed oops)
Heap:
 PSYoungGen      total 123392K, used 43072K [0x00000000f5580000, 0x00000000fda00000, 0x0000000100000000)
  eden space 111104K, 38% used [0x00000000f5580000,0x00000000f7f901f8,0x00000000fc200000)
  from space 12288K, 0% used [0x00000000fc200000,0x00000000fc200000,0x00000000fce00000)
  to   space 11776K, 0% used [0x00000000fce80000,0x00000000fce80000,0x00000000fda00000)
 ParOldGen       total 175104K, used 16515K [0x00000000e0000000, 0x00000000eab00000, 0x00000000f5580000)
  object space 175104K, 9% used [0x00000000e0000000,0x00000000e1020f98,0x00000000eab00000)
 Metaspace       used 37335K, capacity 38172K, committed 38488K, reserved 1081344K
  class space    used 5395K, capacity 5616K, committed 5720K, reserved 1048576K
GC Heap History (10 events):
Event: 22.206 GC heap before
{Heap before GC invocations=5 (full 1):
 PSYoungGen      total 76288K, used 7535K [0x00000000f5580000, 0x00000000faa80000, 0x0000000100000000)
  eden space 65536K, 0% used [0x00000000f5580000,0x00000000f5580000,0x00000000f9580000)
  from space 10752K, 70% used [0x00000000fa000000,0x00000000fa75bc00,0x00000000faa80000)
  to   space 10752K, 0% used [0x00000000f9580000,0x00000000f9580000,0x00000000fa000000)
 ParOldGen       total 175104K, used 1561K [0x00000000e0000000, 0x00000000eab00000, 0x00000000f5580000)
  object space 175104K, 0% used [0x00000000e0000000,0x00000000e0186790,0x00000000eab00000)
 Metaspace       used 20624K, capacity 21050K, committed 21248K, reserved 1067008K
  class space    used 3057K, capacity 3236K, committed 3328K, reserved 1048576K
Event: 22.438 GC heap after
Heap after GC invocations=5 (full 1):
 PSYoungGen      total 76288K, used 0K [0x00000000f5580000, 0x00000000faa80000, 0x0000000100000000)
  eden space 65536K, 0% used [0x00000000f5580000,0x00000000f5580000,0x00000000f9580000)
  from space 10752K, 0% used [0x00000000fa000000,0x00000000fa000000,0x00000000faa80000)
  to   space 10752K, 0% used [0x00000000f9580000,0x00000000f9580000,0x00000000fa000000)
 ParOldGen       total 175104K, used 7494K [0x00000000e0000000, 0x00000000eab00000, 0x00000000f5580000)
  object space 175104K, 4% used [0x00000000e0000000,0x00000000e0751b40,0x00000000eab00000)
 Metaspace       used 20624K, capacity 21050K, committed 21248K, reserved 1067008K
  class space    used 3057K, capacity 3236K, committed 3328K, reserved 1048576K
}
Event: 26.516 GC heap before
{Heap before GC invocations=6 (full 1):
 PSYoungGen      total 76288K, used 65464K [0x00000000f5580000, 0x00000000faa80000, 0x0000000100000000)
  eden space 65536K, 99% used [0x00000000f5580000,0x00000000f956e060,0x00000000f9580000)
  from space 10752K, 0% used [0x00000000fa000000,0x00000000fa000000,0x00000000faa80000)
  to   space 10752K, 0% used [0x00000000f9580000,0x00000000f9580000,0x00000000fa000000)
 ParOldGen       total 175104K, used 7494K [0x00000000e0000000, 0x00000000eab00000, 0x00000000f5580000)
  object space 175104K, 4% used [0x00000000e0000000,0x00000000e0751b40,0x00000000eab00000)
 Metaspace       used 28683K, capacity 29138K, committed 29312K, reserved 1075200K
  class space    used 4005K, capacity 4152K, committed 4224K, reserved 1048576K
Event: 26.534 GC heap after
Heap after GC invocations=6 (full 1):
 PSYoungGen      total 76288K, used 8157K [0x00000000f5580000, 0x00000000fdb00000, 0x0000000100000000)
  eden space 65536K, 0% used [0x00000000f5580000,0x00000000f5580000,0x00000000f9580000)
  from space 10752K, 75% used [0x00000000f9580000,0x00000000f9d775b0,0x00000000fa000000)
  to   space 12800K, 0% used [0x00000000fce80000,0x00000000fce80000,0x00000000fdb00000)
 ParOldGen       total 175104K, used 7502K [0x00000000e0000000, 0x00000000eab00000, 0x00000000f5580000)
  object space 175104K, 4% used [0x00000000e0000000,0x00000000e0753b40,0x00000000eab00000)
 Metaspace       used 28683K, capacity 29138K, committed 29312K, reserved 1075200K
  class space    used 4005K, capacity 4152K, committed 4224K, reserved 1048576K
}
Event: 30.602 GC heap before
{Heap before GC invocations=7 (full 1):
 PSYoungGen      total 76288K, used 73693K [0x00000000f5580000, 0x00000000fdb00000, 0x0000000100000000)
  eden space 65536K, 100% used [0x00000000f5580000,0x00000000f9580000,0x00000000f9580000)
  from space 10752K, 75% used [0x00000000f9580000,0x00000000f9d775b0,0x00000000fa000000)
  to   space 12800K, 0% used [0x00000000fce80000,0x00000000fce80000,0x00000000fdb00000)
 ParOldGen       total 175104K, used 7502K [0x00000000e0000000, 0x00000000eab00000, 0x00000000f5580000)
  object space 175104K, 4% used [0x00000000e0000000,0x00000000e0753b40,0x00000000eab00000)
 Metaspace       used 32637K, capacity 33160K, committed 33280K, reserved 1077248K
  class space    used 4610K, capacity 4795K, committed 4864K, reserved 1048576K
Event: 30.699 GC heap after
Heap after GC invocations=7 (full 1):
 PSYoungGen      total 122880K, used 8325K [0x00000000f5580000, 0x00000000fda00000, 0x0000000100000000)
  eden space 111104K, 0% used [0x00000000f5580000,0x00000000f5580000,0x00000000fc200000)
  from space 11776K, 70% used [0x00000000fce80000,0x00000000fd6a1758,0x00000000fda00000)
  to   space 12288K, 0% used [0x00000000fc200000,0x00000000fc200000,0x00000000fce00000)
 ParOldGen       total 175104K, used 7510K [0x00000000e0000000, 0x00000000eab00000, 0x00000000f5580000)
  object space 175104K, 4% used [0x00000000e0000000,0x00000000e0755b40,0x00000000eab00000)
 Metaspace       used 32637K, capacity 33160K, committed 33280K, reserved 1077248K
  class space    used 4610K, capacity 4795K, committed 4864K, reserved 1048576K
}
Event: 34.488 GC heap before
{Heap before GC invocations=8 (full 1):
 PSYoungGen      total 122880K, used 62523K [0x00000000f5580000, 0x00000000fda00000, 0x0000000100000000)
  eden space 111104K, 48% used [0x00000000f5580000,0x00000000f8a6d548,0x00000000fc200000)
  from space 11776K, 70% used [0x00000000fce80000,0x00000000fd6a1758,0x00000000fda00000)
  to   space 12288K, 0% used [0x00000000fc200000,0x00000000fc200000,0x00000000fce00000)
 ParOldGen       total 175104K, used 7510K [0x00000000e0000000, 0x00000000eab00000, 0x00000000f5580000)
  object space 175104K, 4% used [0x00000000e0000000,0x00000000e0755b40,0x00000000eab00000)
 Metaspace       used 34685K, capacity 35314K, committed 35416K, reserved 1079296K
  class space    used 4963K, capacity 5152K, committed 5208K, reserved 1048576K
Event: 34.565 GC heap after
Heap after GC invocations=8 (full 1):
 PSYoungGen      total 123392K, used 9645K [0x00000000f5580000, 0x00000000fda00000, 0x0000000100000000)
  eden space 111104K, 0% used [0x00000000f5580000,0x00000000f5580000,0x00000000fc200000)
  from space 12288K, 78% used [0x00000000fc200000,0x00000000fcb6b458,0x00000000fce00000)
  to   space 11776K, 0% used [0x00000000fce80000,0x00000000fce80000,0x00000000fda00000)
 ParOldGen       total 175104K, used 7518K [0x00000000e0000000, 0x00000000eab00000, 0x00000000f5580000)
  object space 175104K, 4% used [0x00000000e0000000,0x00000000e0757b40,0x00000000eab00000)
 Metaspace       used 34685K, capacity 35314K, committed 35416K, reserved 1079296K
  class space    used 4963K, capacity 5152K, committed 5208K, reserved 1048576K
}
Event: 34.565 GC heap before
{Heap before GC invocations=9 (full 2):
 PSYoungGen      total 123392K, used 9645K [0x00000000f5580000, 0x00000000fda00000, 0x0000000100000000)
  eden space 111104K, 0% used [0x00000000f5580000,0x00000000f5580000,0x00000000fc200000)
  from space 12288K, 78% used [0x00000000fc200000,0x00000000fcb6b458,0x00000000fce00000)
  to   space 11776K, 0% used [0x00000000fce80000,0x00000000fce80000,0x00000000fda00000)
 ParOldGen       total 175104K, used 7518K [0x00000000e0000000, 0x00000000eab00000, 0x00000000f5580000)
  object space 175104K, 4% used [0x00000000e0000000,0x00000000e0757b40,0x00000000eab00000)
 Metaspace       used 34685K, capacity 35314K, committed 35416K, reserved 1079296K
  class space    used 4963K, capacity 5152K, committed 5208K, reserved 1048576K
Event: 34.789 GC heap after
Heap after GC invocations=9 (full 2):
 PSYoungGen      total 123392K, used 0K [0x00000000f5580000, 0x00000000fda00000, 0x0000000100000000)
  eden space 111104K, 0% used [0x00000000f5580000,0x00000000f5580000,0x00000000fc200000)
  from space 12288K, 0% used [0x00000000fc200000,0x00000000fc200000,0x00000000fce00000)
  to   space 11776K, 0% used [0x00000000fce80000,0x00000000fce80000,0x00000000fda00000)
 ParOldGen       total 175104K, used 16515K [0x00000000e0000000, 0x00000000eab00000, 0x00000000f5580000)
  object space 175104K, 9% used [0x00000000e0000000,0x00000000e1020f98,0x00000000eab00000)
 Metaspace       used 34685K, capacity 35314K, committed 35416K, reserved 1079296K
  class space    used 4963K, capacity 5152K, committed 5208K, reserved 1048576K
}

