# JRE version: Java(TM) SE Runtime Environment (8.0_172-b11) (build 1.8.0_172-b11)
# Java VM: Java HotSpot(TM) 64-Bit Server VM (25.172-b11 mixed mode windows-amd64 compressed oops)
Heap:
 PSYoungGen      total 76288K, used 32675K [0x00000000f5580000, 0x00000000fea80000, 0x0000000100000000)
  eden space 65536K, 49% used [0x00000000f5580000,0x00000000f7568fd8,0x00000000f9580000)
  from space 10752K, 0% used [0x00000000fa000000,0x00000000fa000000,0x00000000faa80000)
  to   space 10752K, 0% used [0x00000000f9580000,0x00000000f9580000,0x00000000fa000000)
 ParOldGen       total 175104K, used 7459K [0x00000000e0000000, 0x00000000eab00000, 0x00000000f5580000)
  object space 175104K, 4% used [0x00000000e0000000,0x00000000e0748d30,0x00000000eab00000)
 Metaspace       used 26287K, capacity 26740K, committed 27136K, reserved 1073152K
  class space    used 3607K, capacity 3763K, committed 3840K, reserved 1048576K
GC Heap History (10 events):
Event: 8.226 GC heap before
{Heap before GC invocations=1 (full 0):
 PSYoungGen      total 76288K, used 65536K [0x00000000f5580000, 0x00000000faa80000, 0x0000000100000000)
  eden space 65536K, 100% used [0x00000000f5580000,0x00000000f9580000,0x00000000f9580000)
  from space 10752K, 0% used [0x00000000fa000000,0x00000000fa000000,0x00000000faa80000)
  to   space 10752K, 0% used [0x00000000f9580000,0x00000000f9580000,0x00000000fa000000)
 ParOldGen       total 175104K, used 0K [0x00000000e0000000, 0x00000000eab00000, 0x00000000f5580000)
  object space 175104K, 0% used [0x00000000e0000000,0x00000000e0000000,0x00000000eab00000)
 Metaspace       used 7313K, capacity 7538K, committed 7680K, reserved 1056768K
  class space    used 923K, capacity 982K, committed 1024K, reserved 1048576K
Event: 8.248 GC heap after
Heap after GC invocations=1 (full 0):
 PSYoungGen      total 76288K, used 5709K [0x00000000f5580000, 0x00000000faa80000, 0x0000000100000000)
  eden space 65536K, 0% used [0x00000000f5580000,0x00000000f5580000,0x00000000f9580000)
  from space 10752K, 53% used [0x00000000f9580000,0x00000000f9b13728,0x00000000fa000000)
  to   space 10752K, 0% used [0x00000000fa000000,0x00000000fa000000,0x00000000faa80000)
 ParOldGen       total 175104K, used 16K [0x00000000e0000000, 0x00000000eab00000, 0x00000000f5580000)
  object space 175104K, 0% used [0x00000000e0000000,0x00000000e0004000,0x00000000eab00000)
 Metaspace       used 7313K, capacity 7538K, committed 7680K, reserved 1056768K
  class space    used 923K, capacity 982K, committed 1024K, reserved 1048576K
}
Event: 15.561 GC heap before
{Heap before GC invocations=2 (full 0):
 PSYoungGen      total 76288K, used 71245K [0x00000000f5580000, 0x00000000faa80000, 0x0000000100000000)
  eden space 65536K, 100% used [0x00000000f5580000,0x00000000f9580000,0x00000000f9580000)
  from space 10752K, 53% used [0x00000000f9580000,0x00000000f9b13728,0x00000000fa000000)
  to   space 10752K, 0% used [0x00000000fa000000,0x00000000fa000000,0x00000000faa80000)
 ParOldGen       total 175104K, used 16K [0x00000000e0000000, 0x00000000eab00000, 0x00000000f5580000)
  object space 175104K, 0% used [0x00000000e0000000,0x00000000e0004000,0x00000000eab00000)
 Metaspace       used 14503K, capacity 14834K, committed 15104K, reserved 1062912K
  class space    used 2067K, capacity 2185K, committed 2304K, reserved 1048576K
Event: 15.613 GC heap after
Heap after GC invocations=2 (full 0):
 PSYoungGen      total 76288K, used 9442K [0x00000000f5580000, 0x00000000faa80000, 0x0000000100000000)
  eden space 65536K, 0% used [0x00000000f5580000,0x00000000f5580000,0x00000000f9580000)
  from space 10752K, 87% used [0x00000000fa000000,0x00000000fa938960,0x00000000faa80000)
  to   space 10752K, 0% used [0x00000000f9580000,0x00000000f9580000,0x00000000fa000000)
 ParOldGen       total 175104K, used 24K [0x00000000e0000000, 0x00000000eab00000, 0x00000000f5580000)
  object space 175104K, 0% used [0x00000000e0000000,0x00000000e0006000,0x00000000eab00000)
 Metaspace       used 14503K, capacity 14834K, committed 15104K, reserved 1062912K
  class space    used 2067K, capacity 2185K, committed 2304K, reserved 1048576K
}
Event: 21.366 GC heap before
{Heap before GC invocations=3 (full 0):
 PSYoungGen      total 76288K, used 74978K [0x00000000f5580000, 0x00000000faa80000, 0x0000000100000000)
  eden space 65536K, 100% used [0x00000000f5580000,0x00000000f9580000,0x00000000f9580000)
  from space 10752K, 87% used [0x00000000fa000000,0x00000000fa938960,0x00000000faa80000)
  to   space 10752K, 0% used [0x00000000f9580000,0x00000000f9580000,0x00000000fa000000)
 ParOldGen       total 175104K, used 24K [0x00000000e0000000, 0x00000000eab00000, 0x00000000f5580000)
  object space 175104K, 0% used [0x00000000e0000000,0x00000000e0006000,0x00000000eab00000)
 Metaspace       used 20495K, capacity 20954K, committed 21248K, reserved 1067008K
  class space    used 3036K, capacity 3204K, committed 3328K, reserved 1048576K
Event: 21.393 GC heap after
Heap after GC invocations=3 (full 0):
 PSYoungGen      total 76288K, used 10733K [0x00000000f5580000, 0x00000000faa80000, 0x0000000100000000)
  eden space 65536K, 0% used [0x00000000f5580000,0x00000000f5580000,0x00000000f9580000)
  from space 10752K, 99% used [0x00000000f9580000,0x00000000f9ffb570,0x00000000fa000000)
  to   space 10752K, 0% used [0x00000000fa000000,0x00000000fa000000,0x00000000faa80000)
 ParOldGen       total 175104K, used 1518K [0x00000000e0000000, 0x00000000eab00000, 0x00000000f5580000)
  object space 175104K, 0% used [0x00000000e0000000,0x00000000e017bb38,0x00000000eab00000)
 Metaspace       used 20495K, capacity 20954K, committed 21248K, reserved 1067008K
  class space    used 3036K, capacity 3204K, committed 3328K, reserved 1048576K
}
Event: 21.681 GC heap before
{Heap before GC invocations=4 (full 0):
 PSYoungGen      total 76288K, used 14607K [0x00000000f5580000, 0x00000000faa80000, 0x0000000100000000)
  eden space 65536K, 5% used [0x00000000f5580000,0x00000000f59487c8,0x00000000f9580000)
  from space 10752K, 99% used [0x00000000f9580000,0x00000000f9ffb570,0x00000000fa000000)
  to   space 10752K, 0% used [0x00000000fa000000,0x00000000fa000000,0x00000000faa80000)
 ParOldGen       total 175104K, used 1518K [0x00000000e0000000, 0x00000000eab00000, 0x00000000f5580000)
  object space 175104K, 0% used [0x00000000e0000000,0x00000000e017bb38,0x00000000eab00000)
 Metaspace       used 20637K, capacity 21050K, committed 21248K, reserved 1067008K
  class space    used 3057K, capacity 3236K, committed 3328K, reserved 1048576K
Event: 21.703 GC heap after
Heap after GC invocations=4 (full 0):
 PSYoungGen      total 76288K, used 7567K [0x00000000f5580000, 0x00000000fea80000, 0x0000000100000000)
  eden space 65536K, 0% used [0x00000000f5580000,0x00000000f5580000,0x00000000f9580000)
  from space 10752K, 70% used [0x00000000fa000000,0x00000000fa763c00,0x00000000faa80000)
  to   space 10752K, 0% used [0x00000000f9580000,0x00000000f9580000,0x00000000fa000000)
 ParOldGen       total 175104K, used 1526K [0x00000000e0000000, 0x00000000eab00000, 0x00000000f5580000)
  object space 175104K, 0% used [0x00000000e0000000,0x00000000e017db38,0x00000000eab00000)
 Metaspace       used 20637K, capacity 21050K, committed 21248K, reserved 1067008K
  class space    used 3057K, capacity 3236K, committed 3328K, reserved 1048576K
}
Event: 21.703 GC heap before
{Heap before GC invocations=5 (full 1):
 PSYoungGen      total 76288K, used 7567K [0x00000000f5580000, 0x00000000fea80000, 0x0000000100000000)
  eden space 65536K, 0% used [0x00000000f5580000,0x00000000f5580000,0x00000000f9580000)
  from space 10752K, 70% used [0x00000000fa000000,0x00000000fa763c00,0x00000000faa80000)
  to   space 10752K, 0% used [0x00000000f9580000,0x00000000f9580000,0x00000000fa000000)
 ParOldGen       total 175104K, used 1526K [0x00000000e0000000, 0x00000000eab00000, 0x00000000f5580000)
  object space 175104K, 0% used [0x00000000e0000000,0x00000000e017db38,0x00000000eab00000)
 Metaspace       used 20637K, capacity 21050K, committed 21248K, reserved 1067008K
  class space    used 3057K, capacity 3236K, committed 3328K, reserved 1048576K
Event: 21.826 GC heap after
Heap after GC invocations=5 (full 1):
 PSYoungGen      total 76288K, used 0K [0x00000000f5580000, 0x00000000fea80000, 0x0000000100000000)
  eden space 65536K, 0% used [0x00000000f5580000,0x00000000f5580000,0x00000000f9580000)
  from space 10752K, 0% used [0x00000000fa000000,0x00000000fa000000,0x00000000faa80000)
  to   space 10752K, 0% used [0x00000000f9580000,0x00000000f9580000,0x00000000fa000000)
 ParOldGen       total 175104K, used 7459K [0x00000000e0000000, 0x00000000eab00000, 0x00000000f5580000)
  object space 175104K, 4% used [0x00000000e0000000,0x00000000e0748d30,0x00000000eab00000)
 Metaspace       used 20637K, capacity 21050K, committed 21248K, reserved 1067008K
  class space    used 3057K, capacity 3236K, committed 3328K, reserved 1048576K
}

